<?xml version="1.0" encoding="UTF-8"?>
<!-- Generated by org.testng.reporters.JUnitReportReporter -->
<testsuite hostname="WKWZTn23fjyB4Y9" failures="0" tests="1" name="testCases.ApiTest" time="1.729" errors="0" timestamp="22 Nov 2024 04:58:46 GMT">
  <testcase classname="testCases.ApiTest" name="RegistrationSuccessful" time="1.729"/>
</testsuite> <!-- testCases.ApiTest -->
