<?xml version="1.0" encoding="UTF-8"?>
<!-- Generated by org.testng.reporters.JUnitReportReporter -->
<testsuite hostname="WKWZTn23fjyB4Y9" failures="0" tests="2" name="testCases.Step_IN_UI" time="7.523" errors="0" timestamp="22 Nov 2024 10:34:53 GMT">
  <testcase classname="testCases.Step_IN_UI" name="TC_UI_Launch_Youtube" time="6.259"/>
  <testcase classname="testCases.Step_IN_UI" name="TC_UI_ClickIndia" time="1.264"/>
</testsuite> <!-- testCases.Step_IN_UI -->
