<?xml version="1.0" encoding="UTF-8"?>
<!-- Generated by org.testng.reporters.JUnitReportReporter -->
<testsuite hostname="WKWZTn23fjyB4Y9" failures="0" tests="1" name="testCases.Step_IN_API" time="2.897" errors="0" timestamp="22 Nov 2024 15:42:58 GMT">
  <testcase classname="testCases.Step_IN_API" name="RegistrationSuccessful" time="2.897"/>
</testsuite> <!-- testCases.Step_IN_API -->
