<?xml version="1.0" encoding="UTF-8"?>
<!-- Generated by org.testng.reporters.JUnitReportReporter -->
<testsuite hostname="WKWZTn23fjyB4Y9" failures="0" tests="2" name="testCases.Step_IN_UI" time="29.296" errors="0" timestamp="30 Dec 2024 13:02:45 GMT">
  <testcase classname="testCases.Step_IN_UI" name="createBook" time="22.868"/>
  <testcase classname="testCases.Step_IN_UI" name="TC_KOHA" time="6.428"/>
</testsuite> <!-- testCases.Step_IN_UI -->
