<?xml version="1.0" encoding="UTF-8"?>
<!-- Generated by org.testng.reporters.JUnitReportReporter -->
<testsuite hostname="WKWZTn23fjyB4Y9" failures="0" tests="2" name="testCases.Step_IN_UI" time="18.306" errors="0" timestamp="10 Dec 2024 08:06:11 GMT">
  <testcase classname="testCases.Step_IN_UI" name="TC_UI_CreateLibrary" time="5.189"/>
  <testcase classname="testCases.Step_IN_UI" name="TC_KOHA" time="13.117"/>
</testsuite> <!-- testCases.Step_IN_UI -->
