<?xml version="1.0" encoding="UTF-8"?>
<!-- Generated by org.testng.reporters.JUnitReportReporter -->
<testsuite hostname="WKWZTn23fjyB4Y9" failures="0" tests="1" name="testCases.ApiTest" time="2.965" errors="0" timestamp="22 Nov 2024 15:27:27 GMT">
  <testcase classname="testCases.ApiTest" name="RegistrationSuccessful" time="2.965"/>
</testsuite> <!-- testCases.ApiTest -->
