<?xml version="1.0" encoding="UTF-8"?>
<!-- Generated by org.testng.reporters.JUnitReportReporter -->
<testsuite hostname="WKWZTn23fjyB4Y9" failures="0" tests="1" name="testCases.Step_IN_UI" time="36.889" errors="0" timestamp="23 Nov 2024 11:08:06 GMT">
  <testcase classname="testCases.Step_IN_UI" name="TC_UI_Launch_IndianExpress" time="36.889"/>
</testsuite> <!-- testCases.Step_IN_UI -->
