<?xml version="1.0" encoding="UTF-8"?>
<!-- Generated by org.testng.reporters.JUnitReportReporter -->
<testsuite hostname="WKWZTn23fjyB4Y9" failures="0" tests="2" name="testCases.Step_IN_UI" time="35.515" errors="0" timestamp="5 Jan 2025 01:53:33 GMT">
  <testcase classname="testCases.Step_IN_UI" name="TC_KOHA" time="4.963"/>
  <testcase classname="testCases.Step_IN_UI" name="addItems" time="30.552"/>
</testsuite> <!-- testCases.Step_IN_UI -->
