<?xml version="1.0" encoding="UTF-8"?>
<!-- Generated by org.testng.reporters.JUnitReportReporter -->
<testsuite hostname="WKWZTn23fjyB4Y9" failures="0" tests="2" name="testCases.Step_IN_UI" time="6.549" errors="0" timestamp="22 Nov 2024 14:40:47 GMT">
  <testcase classname="testCases.Step_IN_UI" name="TC_UI_Launch_Youtube" time="5.311"/>
  <testcase classname="testCases.Step_IN_UI" name="TC_UI_ClickIndia" time="1.238"/>
</testsuite> <!-- testCases.Step_IN_UI -->
