<?xml version="1.0" encoding="UTF-8"?>
<!-- Generated by org.testng.reporters.JUnitReportReporter -->
<testsuite hostname="WKWZTn23fjyB4Y9" failures="0" tests="1" name="testCases.Step_IN_API" time="1.564" errors="0" timestamp="27 Dec 2024 09:12:53 GMT">
  <testcase classname="testCases.Step_IN_API" name="createPatron" time="1.564"/>
</testsuite> <!-- testCases.Step_IN_API -->
