<?xml version="1.0" encoding="UTF-8"?>
<!-- Generated by org.testng.reporters.JUnitReportReporter -->
<testsuite hostname="DESKTOP-TMMJ66L" failures="0" tests="2" name="testCases.TestCase" time="196.793" errors="0" timestamp="20 Aug 2019 09:05:18 GMT">
  <testcase classname="testCases.TestCase" name="TC_UI_ExtractDirName_and_Compare" time="137.937"/>
  <testcase classname="testCases.TestCase" name="TC_UI_Fetch_Movieand_Wikipedialink" time="58.856"/>
</testsuite> <!-- testCases.TestCase -->
