<?xml version="1.0" encoding="UTF-8"?>
<!-- Generated by org.testng.reporters.JUnitReportReporter -->
<testsuite hostname="WKWZTn23fjyB4Y9" failures="0" tests="1" name="testCases.ApiTest" time="1.820" errors="0" timestamp="22 Nov 2024 12:28:16 GMT">
  <testcase classname="testCases.ApiTest" name="RegistrationSuccessful" time="1.820"/>
</testsuite> <!-- testCases.ApiTest -->
