<?xml version="1.0" encoding="UTF-8"?>
<!-- Generated by org.testng.reporters.JUnitReportReporter -->
<testsuite hostname="WKWZTn23fjyB4Y9" failures="0" tests="1" name="testCases.Step_IN_API" time="22.400" errors="0" timestamp="23 Nov 2024 13:48:38 GMT">
  <testcase classname="testCases.Step_IN_API" name="main" time="22.400"/>
</testsuite> <!-- testCases.Step_IN_API -->
